{
  "RSpec": {
    "coverage": {
      "/home/ineffable-trainer-9978/tic-tac-toe-rb-online-web-sp-000/lib/tic_tac_toe.rb": [
        1,
        1,
        25,
        25,
        25,
        25,
        25,
        null,
        null,
        1,
        24,
        null,
        null,
        1,
        23,
        null,
        null,
        1,
        112,
        null,
        null,
        1,
        24,
        null,
        null,
        1,
        21,
        21,
        21,
        21,
        20,
        20,
        null,
        1,
        null,
        null,
        null,
        1,
        29,
        29,
        261,
        45,
        null,
        null,
        29,
        null,
        null,
        1,
        21,
        14,
        7,
        7,
        null,
        null,
        null,
        null,
        null,
        1,
        12,
        18,
        null,
        12,
        5,
        7,
        3,
        null,
        null,
        null,
        null,
        1,
        null,
        null,
        null,
        null,
        null,
        null,
        null,
        null,
        null,
        1,
        45,
        289,
        289,
        289,
        null,
        289,
        289,
        289,
        null,
        289,
        19,
        null,
        null,
        26,
        null,
        null,
        null,
        1,
        38,
        29,
        null,
        9,
        null,
        null,
        null,
        1,
        21,
        3,
        null,
        18,
        null,
        null,
        null,
        1,
        22,
        10,
        null,
        12,
        null,
        null,
        null,
        1,
        3,
        2,
        null,
        null,
        null,
        null
      ]
    },
    "timestamp": 1612207553
  }
}
